perfManageSys/perfManageSys/build/outputs/logs/manifest-merger-debug-report.txt
-- Merging decision tree log ---
manifest
ADDED from src\main\AndroidManifest.xml:2:1-377:12
	package
		ADDED from src\main\AndroidManifest.xml:3:5-38
		INJECTED from src\main\AndroidManifest.xml
		INJECTED from src\main\AndroidManifest.xml
	android:versionName
		ADDED from src\main\AndroidManifest.xml:5:5-46
		INJECTED from src\main\AndroidManifest.xml
		INJECTED from src\main\AndroidManifest.xml
	android:versionCode
		ADDED from src\main\AndroidManifest.xml:4:5-35
		INJECTED from src\main\AndroidManifest.xml
		INJECTED from src\main\AndroidManifest.xml
	xmlns:android
		ADDED from src\main\AndroidManifest.xml:2:11-69
uses-sdk
ADDED from src\main\AndroidManifest.xml:7:5-9:41
MERGED from [perfManageSys:pullToRefresh:unspecified] AndroidManifest.xml:7:5-9:40
MERGED from [com.android.support:support-v4:21.0.3] AndroidManifest.xml:15:5-42
	android:targetSdkVersion
		ADDED from src\main\AndroidManifest.xml:9:9-38
		INJECTED from src\main\AndroidManifest.xml
		INJECTED from src\main\AndroidManifest.xml
	android:minSdkVersion
		ADDED from src\main\AndroidManifest.xml:8:9-35
		INJECTED from src\main\AndroidManifest.xml
		INJECTED from src\main\AndroidManifest.xml
uses-permission#android.permission.INTERNET
ADDED from src\main\AndroidManifest.xml:11:5-67
	android:name
		ADDED from src\main\AndroidManifest.xml:11:22-64
uses-permission#android.permission.ACCESS_WIFI_STATE
ADDED from src\main\AndroidManifest.xml:14:5-15:23
	android:name
		ADDED from src\main\AndroidManifest.xml:14:22-73
uses-permission#android.permission.ACCESS_NETWORK_STATE
ADDED from src\main\AndroidManifest.xml:16:5-17:23
	android:name
		ADDED from src\main\AndroidManifest.xml:16:22-76
uses-permission#android.permission.MOUNT_UNMOUNT_FILESYSTEMS
ADDED from src\main\AndroidManifest.xml:19:5-84
	android:name
		ADDED from src\main\AndroidManifest.xml:19:22-81
uses-permission#android.permission.WRITE_EXTERNAL_STORAGE
ADDED from src\main\AndroidManifest.xml:21:5-81
	android:name
		ADDED from src\main\AndroidManifest.xml:21:22-78
uses-permission#android.permission.ACCESS_COARSE_LOCATION
ADDED from src\main\AndroidManifest.xml:25:5-80
	android:name
		ADDED from src\main\AndroidManifest.xml:25:22-78
uses-permission#android.permission.READ_CONTACTS
ADDED from src\main\AndroidManifest.xml:28:5-71
	android:name
		ADDED from src\main\AndroidManifest.xml:28:22-69
uses-permission#android.permission.WRITE_CONTACTS
ADDED from src\main\AndroidManifest.xml:29:5-72
	android:name
		ADDED from src\main\AndroidManifest.xml:29:22-70
uses-permission#android.permission.CALL_PHONE
ADDED from src\main\AndroidManifest.xml:32:5-68
	android:name
		ADDED from src\main\AndroidManifest.xml:32:22-66
uses-permission#android.permission.PROCESS_OUTGOING_CALLS
ADDED from src\main\AndroidManifest.xml:35:5-80
	android:name
		ADDED from src\main\AndroidManifest.xml:35:22-78
uses-permission#android.permission.READ_PHONE_STATE
ADDED from src\main\AndroidManifest.xml:36:5-75
	android:name
		ADDED from src\main\AndroidManifest.xml:36:22-72
uses-permission#android.permission.READ_EXTERNAL_STORAGE
ADDED from src\main\AndroidManifest.xml:39:5-79
	android:name
		ADDED from src\main\AndroidManifest.xml:39:22-77
uses-permission#android.permission.RECORD_AUDIO
ADDED from src\main\AndroidManifest.xml:42:5-71
	android:name
		ADDED from src\main\AndroidManifest.xml:42:22-68
application
ADDED from src\main\AndroidManifest.xml:46:5-375:19
MERGED from [perfManageSys:pullToRefresh:unspecified] AndroidManifest.xml:11:5-20
MERGED from [com.android.support:support-v4:21.0.3] AndroidManifest.xml:16:5-19
	android:label
		ADDED from src\main\AndroidManifest.xml:50:9-41
	android:allowBackup
		ADDED from src\main\AndroidManifest.xml:48:9-35
	android:icon
		ADDED from src\main\AndroidManifest.xml:49:9-45
	android:name
		ADDED from src\main\AndroidManifest.xml:47:9-71
meta-data#com.baidu.lbsapi.API_KEY
ADDED from src\main\AndroidManifest.xml:62:3-64:64
	android:value
		ADDED from src\main\AndroidManifest.xml:64:13-61
	android:name
		ADDED from src\main\AndroidManifest.xml:63:13-52
service#com.baidu.location.f
ADDED from src\main\AndroidManifest.xml:71:9-75:19
	android:enabled
		ADDED from src\main\AndroidManifest.xml:73:13-35
	android:process
		ADDED from src\main\AndroidManifest.xml:74:13-38
	android:name
		ADDED from src\main\AndroidManifest.xml:72:13-48
service#com.loveplusplus.update.DownloadService
ADDED from src\main\AndroidManifest.xml:77:9-81:19
	android:enabled
		ADDED from src\main\AndroidManifest.xml:79:13-35
	android:process
		ADDED from src\main\AndroidManifest.xml:80:13-41
	android:name
		ADDED from src\main\AndroidManifest.xml:78:13-67
service#com.hnran.perfmanagesys.service.WebSocketService
ADDED from src\main\AndroidManifest.xml:83:10-86:19
	android:enabled
		ADDED from src\main\AndroidManifest.xml:85:13-35
	android:name
		ADDED from src\main\AndroidManifest.xml:84:13-76
service#com.hnran.perfmanagesys.service.CallPhoneService
ADDED from src\main\AndroidManifest.xml:88:9-91:19
	android:enabled
		ADDED from src\main\AndroidManifest.xml:90:13-35
	android:name
		ADDED from src\main\AndroidManifest.xml:89:13-53
activity#com.hnran.perfmanagesys.activity.LaunchActivity
ADDED from src\main\AndroidManifest.xml:93:9-101:20
	android:label
		ADDED from src\main\AndroidManifest.xml:95:13-45
	android:name
		ADDED from src\main\AndroidManifest.xml:94:13-75
intent-filter#android.intent.action.MAIN+android.intent.category.LAUNCHER
ADDED from src\main\AndroidManifest.xml:96:13-100:29
action#android.intent.action.MAIN
ADDED from src\main\AndroidManifest.xml:97:17-69
	android:name
		ADDED from src\main\AndroidManifest.xml:97:25-66
category#android.intent.category.LAUNCHER
ADDED from src\main\AndroidManifest.xml:99:17-77
	android:name
		ADDED from src\main\AndroidManifest.xml:99:27-74
activity#com.hnran.perfmanagesys.activity.LoginActivity
ADDED from src\main\AndroidManifest.xml:102:9-107:20
	android:label
		ADDED from src\main\AndroidManifest.xml:104:13-45
	android:launchMode
		ADDED from src\main\AndroidManifest.xml:105:13-43
	android:windowSoftInputMode
		ADDED from src\main\AndroidManifest.xml:106:13-67
	android:name
		ADDED from src\main\AndroidManifest.xml:103:13-74
activity#com.hnran.perfmanagesys.activity.ReLoginActivity
ADDED from src\main\AndroidManifest.xml:108:9-112:20
	android:label
		ADDED from src\main\AndroidManifest.xml:110:13-45
	android:theme
		ADDED from src\main\AndroidManifest.xml:111:13-61
	android:name
		ADDED from src\main\AndroidManifest.xml:109:13-76
activity#com.hnran.perfmanagesys.activity.HomeActivity
ADDED from src\main\AndroidManifest.xml:113:9-118:20
	android:label
		ADDED from src\main\AndroidManifest.xml:115:13-45
	android:launchMode
		ADDED from src\main\AndroidManifest.xml:116:13-43
	android:windowSoftInputMode
		ADDED from src\main\AndroidManifest.xml:117:13-70
	android:name
		ADDED from src\main\AndroidManifest.xml:114:13-73
activity#com.hnran.perfmanagesys.activity.PerformanceActivity
ADDED from src\main\AndroidManifest.xml:119:9-123:20
	android:label
		ADDED from src\main\AndroidManifest.xml:121:13-45
	android:launchMode
		ADDED from src\main\AndroidManifest.xml:122:13-43
	android:name
		ADDED from src\main\AndroidManifest.xml:120:13-80
activity#com.hnran.perfmanagesys.activity.CustomerActivity
ADDED from src\main\AndroidManifest.xml:124:9-128:20
	android:label
		ADDED from src\main\AndroidManifest.xml:126:13-45
	android:launchMode
		ADDED from src\main\AndroidManifest.xml:127:13-43
	android:name
		ADDED from src\main\AndroidManifest.xml:125:13-77
activity#com.hnran.perfmanagesys.activity.customer.CustomerCheckActivity
ADDED from src\main\AndroidManifest.xml:129:9-133:20
	android:label
		ADDED from src\main\AndroidManifest.xml:131:13-45
	android:launchMode
		ADDED from src\main\AndroidManifest.xml:132:13-43
	android:name
		ADDED from src\main\AndroidManifest.xml:130:13-91
activity#com.hnran.perfmanagesys.activity.market.MarketAddCunkuanActivity
ADDED from src\main\AndroidManifest.xml:134:9-137:20
	android:label
		ADDED from src\main\AndroidManifest.xml:136:13-45
	android:name
		ADDED from src\main\AndroidManifest.xml:135:13-92
activity#com.hnran.perfmanagesys.activity.market.MarketAddActivity
ADDED from src\main\AndroidManifest.xml:138:9-141:20
	android:label
		ADDED from src\main\AndroidManifest.xml:140:13-45
	android:name
		ADDED from src\main\AndroidManifest.xml:139:13-85
activity#com.hnran.perfmanagesys.activity.market.MarketModifyActivity
ADDED from src\main\AndroidManifest.xml:142:9-145:20
	android:label
		ADDED from src\main\AndroidManifest.xml:144:13-45
	android:name
		ADDED from src\main\AndroidManifest.xml:143:13-88
activity#com.hnran.perfmanagesys.activity.market.MarketCheckActivity
ADDED from src\main\AndroidManifest.xml:146:9-149:20
	android:label
		ADDED from src\main\AndroidManifest.xml:148:13-45
	android:name
		ADDED from src\main\AndroidManifest.xml:147:13-87
activity#com.hnran.perfmanagesys.activity.market.MarketChooseJigouActivity
ADDED from src\main\AndroidManifest.xml:150:9-155:20
	android:label
		ADDED from src\main\AndroidManifest.xml:152:13-45
	android:launchMode
		ADDED from src\main\AndroidManifest.xml:153:13-43
	android:theme
		ADDED from src\main\AndroidManifest.xml:154:13-61
	android:name
		ADDED from src\main\AndroidManifest.xml:151:13-93
activity#com.hnran.perfmanagesys.activity.warning.WarningCommonActivity
ADDED from src\main\AndroidManifest.xml:156:9-159:20
	android:label
		ADDED from src\main\AndroidManifest.xml:158:13-45
	android:name
		ADDED from src\main\AndroidManifest.xml:157:13-90
activity#com.hnran.perfmanagesys.activity.SearchActivity
ADDED from src\main\AndroidManifest.xml:160:9-166:20
	android:label
		ADDED from src\main\AndroidManifest.xml:162:13-45
	android:launchMode
		ADDED from src\main\AndroidManifest.xml:163:13-43
	android:windowSoftInputMode
		ADDED from src\main\AndroidManifest.xml:165:13-55
	android:theme
		ADDED from src\main\AndroidManifest.xml:164:13-61
	android:name
		ADDED from src\main\AndroidManifest.xml:161:13-75
activity#com.hnran.perfmanagesys.activity.customer.CustomerProductShoujiActivity
ADDED from src\main\AndroidManifest.xml:168:9-171:20
	android:label
		ADDED from src\main\AndroidManifest.xml:170:13-45
	android:name
		ADDED from src\main\AndroidManifest.xml:169:13-99
activity#com.hnran.perfmanagesys.activity.customer.CustomerProductCunkuanActivity
ADDED from src\main\AndroidManifest.xml:172:9-175:20
	android:label
		ADDED from src\main\AndroidManifest.xml:174:13-45
	android:name
		ADDED from src\main\AndroidManifest.xml:173:13-100
activity#com.hnran.perfmanagesys.activity.customer.CustomerProductDaikuanActivity
ADDED from src\main\AndroidManifest.xml:176:9-179:20
	android:label
		ADDED from src\main\AndroidManifest.xml:178:13-45
	android:name
		ADDED from src\main\AndroidManifest.xml:177:13-100
activity#com.hnran.perfmanagesys.activity.customer.CustomerProductEtcActivity
ADDED from src\main\AndroidManifest.xml:180:9-183:20
	android:label
		ADDED from src\main\AndroidManifest.xml:182:13-45
	android:name
		ADDED from src\main\AndroidManifest.xml:181:13-96
activity#com.hnran.perfmanagesys.visit.VisitMainActivityOld
ADDED from src\main\AndroidManifest.xml:185:9-188:20
	android:label
		ADDED from src\main\AndroidManifest.xml:187:13-45
	android:name
		ADDED from src\main\AndroidManifest.xml:186:13-78
activity#com.hnran.perfmanagesys.activity.performance.PerformanceCunkuanCommonActivity
ADDED from src\main\AndroidManifest.xml:190:9-193:20
	android:label
		ADDED from src\main\AndroidManifest.xml:192:13-45
	android:name
		ADDED from src\main\AndroidManifest.xml:191:13-105
activity#com.hnran.perfmanagesys.activity.performance.PerformanceDiqubuchaActivity
ADDED from src\main\AndroidManifest.xml:195:9-198:20
	android:label
		ADDED from src\main\AndroidManifest.xml:197:13-45
	android:name
		ADDED from src\main\AndroidManifest.xml:196:13-101
activity#com.hnran.perfmanagesys.activity.performance.PerformanceGuanliActivity
ADDED from src\main\AndroidManifest.xml:200:9-203:20
	android:label
		ADDED from src\main\AndroidManifest.xml:202:13-45
	android:name
		ADDED from src\main\AndroidManifest.xml:201:13-98
activity#com.hnran.perfmanagesys.activity.performance.PerformanceYewuActivity
ADDED from src\main\AndroidManifest.xml:205:9-208:20
	android:label
		ADDED from src\main\AndroidManifest.xml:207:13-45
	android:name
		ADDED from src\main\AndroidManifest.xml:206:13-96
activity#com.hnran.perfmanagesys.activity.performance.PerformanceDaikuanYingxiaoActivity
ADDED from src\main\AndroidManifest.xml:210:9-213:20
	android:label
		ADDED from src\main\AndroidManifest.xml:212:13-45
	android:name
		ADDED from src\main\AndroidManifest.xml:211:13-107
activity#com.hnran.perfmanagesys.activity.performance.PerformanceDaikuanBiaowaiActivity
ADDED from src\main\AndroidManifest.xml:215:9-218:20
	android:label
		ADDED from src\main\AndroidManifest.xml:217:13-45
	android:name
		ADDED from src\main\AndroidManifest.xml:216:13-106
activity#com.hnran.perfmanagesys.activity.performance.PerformanceDianziHushuActivity
ADDED from src\main\AndroidManifest.xml:220:9-223:20
	android:label
		ADDED from src\main\AndroidManifest.xml:222:13-45
	android:name
		ADDED from src\main\AndroidManifest.xml:221:13-103
activity#com.hnran.perfmanagesys.activity.performance.PerformanceDianziJiaoyiActivity
ADDED from src\main\AndroidManifest.xml:225:9-228:20
	android:label
		ADDED from src\main\AndroidManifest.xml:227:13-45
	android:name
		ADDED from src\main\AndroidManifest.xml:226:13-104
activity#com.hnran.perfmanagesys.activity.performance.PerformanceDianziEtcActivity
ADDED from src\main\AndroidManifest.xml:230:9-233:20
	android:label
		ADDED from src\main\AndroidManifest.xml:232:13-45
	android:name
		ADDED from src\main\AndroidManifest.xml:231:13-101
activity#com.hnran.perfmanagesys.activity.performance.PerformanceDianziGerenActivity
ADDED from src\main\AndroidManifest.xml:235:9-238:20
	android:label
		ADDED from src\main\AndroidManifest.xml:237:13-45
	android:name
		ADDED from src\main\AndroidManifest.xml:236:13-103
activity#com.hnran.perfmanagesys.activity.performance.PerformanceDianziJigouActivity
ADDED from src\main\AndroidManifest.xml:240:9-243:20
	android:label
		ADDED from src\main\AndroidManifest.xml:242:13-45
	android:name
		ADDED from src\main\AndroidManifest.xml:241:13-103
activity#com.hnran.perfmanagesys.activity.performance.PerformanceDaikuanMonilirunActivity
ADDED from src\main\AndroidManifest.xml:245:9-248:20
	android:label
		ADDED from src\main\AndroidManifest.xml:247:13-45
	android:name
		ADDED from src\main\AndroidManifest.xml:246:13-108
activity#com.hnran.perfmanagesys.activity.performance.PerformanceDianziJigouPingJunActivity
ADDED from src\main\AndroidManifest.xml:250:9-253:20
	android:label
		ADDED from src\main\AndroidManifest.xml:252:13-45
	android:name
		ADDED from src\main\AndroidManifest.xml:251:13-110
activity#com.hnran.perfmanagesys.activity.performancebymonth.PerformanceMonthPhjfkActivity
ADDED from src\main\AndroidManifest.xml:255:9-258:20
	android:label
		ADDED from src\main\AndroidManifest.xml:257:13-45
	android:name
		ADDED from src\main\AndroidManifest.xml:256:13-109
activity#com.hnran.perfmanagesys.activity.performancebymonth.PerformanceMonthGxlActivity
ADDED from src\main\AndroidManifest.xml:260:9-263:20
	android:label
		ADDED from src\main\AndroidManifest.xml:262:13-45
	android:name
		ADDED from src\main\AndroidManifest.xml:261:13-107
activity#com.hnran.perfmanagesys.activity.performancebymonth.PerformanceMonthAljcActivity
ADDED from src\main\AndroidManifest.xml:265:9-268:20
	android:label
		ADDED from src\main\AndroidManifest.xml:267:13-45
	android:name
		ADDED from src\main\AndroidManifest.xml:266:13-108
activity#com.hnran.perfmanagesys.activity.performance.PerformanceDkXzbnbldkzbActivity
ADDED from src\main\AndroidManifest.xml:270:9-273:20
	android:label
		ADDED from src\main\AndroidManifest.xml:272:13-45
	android:name
		ADDED from src\main\AndroidManifest.xml:271:13-104
activity#com.hnran.perfmanagesys.activity.performance.PerformanceCunkuanCkAljcgzMxActivity
ADDED from src\main\AndroidManifest.xml:275:9-278:20
	android:label
		ADDED from src\main\AndroidManifest.xml:277:13-45
	android:name
		ADDED from src\main\AndroidManifest.xml:276:13-109
activity#com.hnran.perfmanagesys.activity.performance.PerformanceDkDndqdkshlActivity
ADDED from src\main\AndroidManifest.xml:280:9-283:20
	android:label
		ADDED from src\main\AndroidManifest.xml:282:13-45
	android:name
		ADDED from src\main\AndroidManifest.xml:281:13-103
activity#com.hnran.perfmanagesys.activity.performance.PerformanceDKWddkhsMxActivity
ADDED from src\main\AndroidManifest.xml:285:9-288:20
	android:label
		ADDED from src\main\AndroidManifest.xml:287:13-45
	android:name
		ADDED from src\main\AndroidManifest.xml:286:13-102
activity#com.hnran.perfmanagesys.activity.performance.PerformanceCbSjyhdhlActivity
ADDED from src\main\AndroidManifest.xml:290:9-293:20
	android:label
		ADDED from src\main\AndroidManifest.xml:292:13-45
	android:name
		ADDED from src\main\AndroidManifest.xml:291:13-101
activity#com.hnran.perfmanagesys.activity.performance.PerformanceYwlWdywlActivity
ADDED from src\main\AndroidManifest.xml:295:9-298:20
	android:label
		ADDED from src\main\AndroidManifest.xml:297:13-45
	android:name
		ADDED from src\main\AndroidManifest.xml:296:13-100
activity#com.hnran.perfmanagesys.activity.performance.PerformanceGljxBmkhActivity
ADDED from src\main\AndroidManifest.xml:300:9-303:20
	android:label
		ADDED from src\main\AndroidManifest.xml:302:13-45
	android:name
		ADDED from src\main\AndroidManifest.xml:301:13-100
activity#com.hnran.perfmanagesys.activity.performance.PerformanceGljxWdrjgzActivity
ADDED from src\main\AndroidManifest.xml:305:9-308:20
	android:label
		ADDED from src\main\AndroidManifest.xml:307:13-45
	android:name
		ADDED from src\main\AndroidManifest.xml:306:13-102
activity#com.hnran.perfmanagesys.activity.performance.PerformanceGzzlActivity
ADDED from src\main\AndroidManifest.xml:310:9-313:20
	android:label
		ADDED from src\main\AndroidManifest.xml:312:13-45
	android:name
		ADDED from src\main\AndroidManifest.xml:311:13-96
activity#com.hnran.perfmanagesys.activity.performance.PerformanceXsxsgzActivity
ADDED from src\main\AndroidManifest.xml:315:9-318:20
	android:label
		ADDED from src\main\AndroidManifest.xml:317:13-45
	android:name
		ADDED from src\main\AndroidManifest.xml:316:13-98
activity#com.hnran.perfmanagesys.activity.performance.PerformanceJgaljcActivity
ADDED from src\main\AndroidManifest.xml:320:9-323:20
	android:label
		ADDED from src\main\AndroidManifest.xml:322:13-45
	android:name
		ADDED from src\main\AndroidManifest.xml:321:13-98
activity#com.hnran.perfmanagesys.activity.performance.PerformanceCunkuanYzkhgzMxActivity
ADDED from src\main\AndroidManifest.xml:325:9-328:20
	android:label
		ADDED from src\main\AndroidManifest.xml:327:13-45
	android:name
		ADDED from src\main\AndroidManifest.xml:326:13-107
activity#com.hnran.perfmanagesys.activity.performance.PerformanceDianziBmkkhhsMxActivity
ADDED from src\main\AndroidManifest.xml:331:9-334:20
	android:label
		ADDED from src\main\AndroidManifest.xml:333:13-45
	android:name
		ADDED from src\main\AndroidManifest.xml:332:13-107
activity#com.hnran.perfmanagesys.activity.performance.PerformanceDKDydklxshMxActivity
ADDED from src\main\AndroidManifest.xml:336:9-339:20
	android:label
		ADDED from src\main\AndroidManifest.xml:338:13-45
	android:name
		ADDED from src\main\AndroidManifest.xml:337:13-104
activity#com.hnran.perfmanagesys.activity.performance.PerformanceDkKhhsMxActivity
ADDED from src\main\AndroidManifest.xml:341:9-344:20
	android:label
		ADDED from src\main\AndroidManifest.xml:343:13-45
	android:name
		ADDED from src\main\AndroidManifest.xml:342:13-100
activity#com.hnran.perfmanagesys.activity.performance.PerformanceDkAljcgzMxActivity
ADDED from src\main\AndroidManifest.xml:346:9-349:20
	android:label
		ADDED from src\main\AndroidManifest.xml:348:13-45
	android:name
		ADDED from src\main\AndroidManifest.xml:347:13-102
activity#com.hnran.perfmanagesys.activity.performance.PerformanceJymbActivity
ADDED from src\main\AndroidManifest.xml:351:9-354:20
	android:label
		ADDED from src\main\AndroidManifest.xml:353:13-45
	android:name
		ADDED from src\main\AndroidManifest.xml:352:13-96
activity#com.hnran.perfmanagesys.activity.ExitActivity
ADDED from src\main\AndroidManifest.xml:356:9-359:20
	android:label
		ADDED from src\main\AndroidManifest.xml:358:13-45
	android:name
		ADDED from src\main\AndroidManifest.xml:357:13-73
activity#com.hnran.perfmanagesys.visit.VisitMainActivity
ADDED from src\main\AndroidManifest.xml:360:9-364:20
	android:screenOrientation
		ADDED from src\main\AndroidManifest.xml:362:13-49
	android:label
		ADDED from src\main\AndroidManifest.xml:363:13-45
	android:name
		ADDED from src\main\AndroidManifest.xml:361:13-52
activity#com.hnran.perfmanagesys.visit.VisitLocationActivity
ADDED from src\main\AndroidManifest.xml:366:9-370:20
	android:screenOrientation
		ADDED from src\main\AndroidManifest.xml:368:13-49
	android:label
		ADDED from src\main\AndroidManifest.xml:369:13-45
	android:name
		ADDED from src\main\AndroidManifest.xml:367:13-56
activity#com.hnran.perfmanagesys.visit.PreviewPhotoActivity
ADDED from src\main\AndroidManifest.xml:371:9-372:52
	android:screenOrientation
		ADDED from src\main\AndroidManifest.xml:372:13-49
	android:name
		ADDED from src\main\AndroidManifest.xml:371:19-61
activity#com.hnran.perfmanagesys.visit.VisitContactsActivity
ADDED from src\main\AndroidManifest.xml:373:9-374:52
	android:screenOrientation
		ADDED from src\main\AndroidManifest.xml:374:13-49
	android:name
		ADDED from src\main\AndroidManifest.xml:373:19-62